<?xml version="1.0" encoding="UTF-8"?>
<!-- Generated by org.testng.reporters.JUnitReportReporter -->
<testsuite hostname="GOWRISANKAR" failures="0" tests="1" name="process.PDFDown_" time="9.161" errors="0" timestamp="2025-04-08T21:41:12 IST" skipped="0">
  <testcase classname="process.PDFDown_" name="downloadPDF" time="9.161"/>
  <system-out/>
</testsuite> <!-- process.PDFDown_ -->
