<?xml version="1.0" encoding="UTF-8"?>
<!-- Generated by org.testng.reporters.JUnitReportReporter -->
<testsuite hostname="GOWRISANKAR" failures="0" tests="1" name="process.PdfToDocConverterTest" time="9.748" errors="0" timestamp="2025-04-08T21:36:08 IST" skipped="0">
  <testcase classname="process.PdfToDocConverterTest" name="testPdfToDocConversion" time="9.748"/>
  <system-out/>
</testsuite> <!-- process.PdfToDocConverterTest -->
